<?xml version="1.0" encoding="UTF-8"?>
<!-- Generated by org.testng.reporters.JUnitReportReporter -->
<testsuite hostname="16f8c53c36f6587" failures="0" tests="4" name="Test.Main2" time="36.854" errors="0" timestamp="2023-12-10T00:31:35 IST" skipped="0">
  <testcase classname="Test.Main2" name="test1" time="7.194"/>
  <testcase classname="Test.Main2" name="test3" time="14.458"/>
  <testcase classname="Test.Main2" name="test" time="9.425"/>
  <testcase classname="Test.Main2" name="test2" time="5.777"/>
</testsuite> <!-- Test.Main2 -->
